FJC 3D Engine:  Session sucessfully started at (07:17:58) 17.12.2009
	(07:17:58) : <     GetSysInfo> :: Render            GeForce 8800 GTS 512/PCI/SSE2
	(07:17:58) : <     GetSysInfo> :: Vendor            NVIDIA Corporation
	(07:17:58) : <     GetSysInfo> :: OpenGL version is 3.2.0
	(07:17:58) : <     GetSysInfo> :: CPU speed is 3007 (by M$ Windows)
	(07:17:58) : <     GetSysInfo> :: CPU identifier "Intel64 Family 6 Model 23 Stepping 6"
	(07:17:58) : <     GetSysInfo> :: CPU name  "Intel(R) Core(TM)2 Duo CPU     E8400  @ 3.00GHz" 
	(07:17:58) : <     GetSysInfo> :: Vendor ID "GenuineIntel"
	(07:17:58) : <     GetSysInfo> :: Supported extentions:  MMX RDTSC SSE SSE2
	(07:17:58) : <          Birth> :: Невозможно загрузить и проиграть заставку
	(07:17:58) : <     InitOpenGL> :: Vsync status : 0
	(07:17:58) : <          BIRTH> ::                               Init OpenGL complete			 [   OK   ]
	(07:17:58) : <          BIRTH> ::                               Init OpenIL complete			 [   OK   ]
	(07:17:58) : <ResourceManager> :: Загружена текстура "defaultTXTR"
	(07:17:58) : <ResourceManager> :: Loaded font "defaultFONT"
	(07:17:58) : <ResourceManager> :: Файл cube.lwo не найден!!! Используем стандартный ресурс
	(07:17:58) : <    Sound::Init> :: AL extentions:
 ALC_ENUMERATION_EXT ALC_EXT_CAPTURE
	(07:17:58) : <  Sound :: Init> :: This sound devices was founded:
	(07:17:58) : <  Sound :: Init> :: 1. Generic Hardware
	(07:17:58) : <  Sound :: Init> :: 2. Generic Software
	(07:17:58) : <          BIRTH> ::                               Init OpenAL complete			 [   OK   ]
	(07:17:58) : <          BIRTH> ::                                           InitMATH			 [   OK   ]
Init complete
	(07:17:59) : <ResourceManager> :: Не найден шрифт zlionheart.LFont
	(07:17:59) : <ResourceManager> :: Loaded mesh "someMesh" из bmw325.lwo
FJC 3D Engine:    Session sucessfully ended at (07:18:03) 17.12.2009
