FJC 3D Engine:  Session sucessfully started at (20:51:31) 19.06.2012
	(20:51:31) : <     GetSysInfo> :: Render            Intel(R) HD Graphics 3000
	(20:51:31) : <     GetSysInfo> :: Vendor            Intel
	(20:51:31) : <     GetSysInfo> :: OpenGL version is 3.1.0 - Build 8.15.10.2696
	(20:51:31) : <     GetSysInfo> :: CPU speed is 2095 (by M$ Windows)
	(20:51:31) : <     GetSysInfo> :: CPU identifier "Intel64 Family 6 Model 42 Stepping 7"
	(20:51:31) : <     GetSysInfo> :: CPU name  "Intel(R) Core(TM) i3-2310M CPU @ 2.10GHz" 
	(20:51:31) : <     GetSysInfo> :: Vendor ID "GenuineIntel"
	(20:51:31) : <     GetSysInfo> :: Supported extentions:  MMX RDTSC SSE SSE2
	(20:51:32) : <          Birth> :: Невозможно загрузить и проиграть заставку
	(20:51:32) : <     InitOpenGL> :: Vsync status : 0
	(20:51:32) : <          BIRTH> ::                               Init OpenGL complete			 [   OK   ]
	(20:51:32) : <          BIRTH> ::                               Init OpenIL complete			 [   OK   ]
	(20:51:32) : <ResourceManager> :: Загружена текстура "defaultTXTR"
	(20:51:32) : <ResourceManager> :: Loaded font "defaultFONT"
	(20:51:32) : <ResourceManager> :: Файл cube.lwo не найден!!! Используем стандартный ресурс
	(20:51:32) : <    Sound::Init> :: AL extentions:
 ALC_ENUMERATION_EXT ALC_EXT_CAPTURE
	(20:51:32) : <  Sound :: Init> :: This sound devices was founded:
	(20:51:32) : <  Sound :: Init> :: 1. Generic Hardware
	(20:51:32) : <  Sound :: Init> :: 2. Generic Software
	(20:51:32) : <          BIRTH> ::                               Init OpenAL complete			 [   OK   ]
	(20:51:32) : <          BIRTH> ::                                           InitMATH			 [   OK   ]
Init complete
	(20:51:33) : <ResourceManager> :: Не найден шрифт zlionheart.LFont
	(20:51:33) : <ResourceManager> :: Loaded mesh "someMesh" из bmw325.lwo
FJC 3D Engine:    Session sucessfully ended at (20:52:09) 19.06.2012
